# JRE version: Java(TM) SE Runtime Environment (8.0_144-b01) (build 1.8.0_144-b01)
# Java VM: Java HotSpot(TM) 64-Bit Server VM (25.144-b01 mixed mode windows-amd64 compressed oops)
Heap:
 PSYoungGen      total 351232K, used 312800K [0x00000000d5d80000, 0x00000000f9880000, 0x0000000100000000)
  eden space 121344K, 100% used [0x00000000d5d80000,0x00000000dd400000,0x00000000dd400000)
  from space 229888K, 83% used [0x00000000eb480000,0x00000000f6f78000,0x00000000f9500000)
  to   space 229888K, 5% used [0x00000000dd400000,0x00000000de010000,0x00000000eb480000)
 ParOldGen       total 1381888K, used 1174824K [0x0000000081800000, 0x00000000d5d80000, 0x00000000d5d80000)
  object space 1381888K, 85% used [0x0000000081800000,0x00000000c934a260,0x00000000d5d80000)
 Metaspace       used 2743K, capacity 4564K, committed 4864K, reserved 1056768K
  class space    used 303K, capacity 388K, committed 512K, reserved 1048576K
GC Heap History (10 events):
Event: 51265.234 GC heap after
Heap after GC invocations=6518 (full 6508):
 PSYoungGen      total 266752K, used 160448K [0x00000000d5d80000, 0x00000000f5280000, 0x0000000100000000)
  eden space 62976K, 0% used [0x00000000d5d80000,0x00000000d5d80000,0x00000000d9b00000)
  from space 203776K, 78% used [0x00000000e6e00000,0x00000000f0ab0000,0x00000000f3500000)
  to   space 216064K, 0% used [0x00000000d9b00000,0x00000000d9b00000,0x00000000e6e00000)
 ParOldGen       total 1381888K, used 536683K [0x0000000081800000, 0x00000000d5d80000, 0x00000000d5d80000)
  object space 1381888K, 38% used [0x0000000081800000,0x00000000a241ae10,0x00000000d5d80000)
 Metaspace       used 2743K, capacity 4564K, committed 4864K, reserved 1056768K
  class space    used 303K, capacity 388K, committed 512K, reserved 1048576K
}
Event: 51265.580 GC heap before
{Heap before GC invocations=6519 (full 6508):
 PSYoungGen      total 266752K, used 223424K [0x00000000d5d80000, 0x00000000f5280000, 0x0000000100000000)
  eden space 62976K, 100% used [0x00000000d5d80000,0x00000000d9b00000,0x00000000d9b00000)
  from space 203776K, 78% used [0x00000000e6e00000,0x00000000f0ab0000,0x00000000f3500000)
  to   space 216064K, 0% used [0x00000000d9b00000,0x00000000d9b00000,0x00000000e6e00000)
 ParOldGen       total 1381888K, used 536683K [0x0000000081800000, 0x00000000d5d80000, 0x00000000d5d80000)
  object space 1381888K, 38% used [0x0000000081800000,0x00000000a241ae10,0x00000000d5d80000)
 Metaspace       used 2743K, capacity 4564K, committed 4864K, reserved 1056768K
  class space    used 303K, capacity 388K, committed 512K, reserved 1048576K
Event: 51267.779 GC heap after
Heap after GC invocations=6519 (full 6508):
 PSYoungGen      total 279040K, used 216064K [0x00000000d5d80000, 0x00000000f7200000, 0x0000000100000000)
  eden space 62976K, 0% used [0x00000000d5d80000,0x00000000d5d80000,0x00000000d9b00000)
  from space 216064K, 100% used [0x00000000d9b00000,0x00000000e6e00000,0x00000000e6e00000)
  to   space 229888K, 0% used [0x00000000e9180000,0x00000000e9180000,0x00000000f7200000)
 ParOldGen       total 1381888K, used 544107K [0x0000000081800000, 0x00000000d5d80000, 0x00000000d5d80000)
  object space 1381888K, 39% used [0x0000000081800000,0x00000000a2b5ae10,0x00000000d5d80000)
 Metaspace       used 2743K, capacity 4564K, committed 4864K, reserved 1056768K
  class space    used 303K, capacity 388K, committed 512K, reserved 1048576K
}
Event: 51268.253 GC heap before
{Heap before GC invocations=6520 (full 6508):
 PSYoungGen      total 279040K, used 279040K [0x00000000d5d80000, 0x00000000f7200000, 0x0000000100000000)
  eden space 62976K, 100% used [0x00000000d5d80000,0x00000000d9b00000,0x00000000d9b00000)
  from space 216064K, 100% used [0x00000000d9b00000,0x00000000e6e00000,0x00000000e6e00000)
  to   space 229888K, 0% used [0x00000000e9180000,0x00000000e9180000,0x00000000f7200000)
 ParOldGen       total 1381888K, used 671923K [0x0000000081800000, 0x00000000d5d80000, 0x00000000d5d80000)
  object space 1381888K, 48% used [0x0000000081800000,0x00000000aa82cfd0,0x00000000d5d80000)
 Metaspace       used 2743K, capacity 4564K, committed 4864K, reserved 1056768K
  class space    used 303K, capacity 388K, committed 512K, reserved 1048576K
Event: 51269.498 GC heap after
Heap after GC invocations=6520 (full 6508):
 PSYoungGen      total 315392K, used 229888K [0x00000000d5d80000, 0x00000000f7380000, 0x0000000100000000)
  eden space 85504K, 0% used [0x00000000d5d80000,0x00000000d5d80000,0x00000000db100000)
  from space 229888K, 100% used [0x00000000e9180000,0x00000000f7200000,0x00000000f7200000)
  to   space 229888K, 0% used [0x00000000db100000,0x00000000db100000,0x00000000e9180000)
 ParOldGen       total 1381888K, used 721251K [0x0000000081800000, 0x00000000d5d80000, 0x00000000d5d80000)
  object space 1381888K, 52% used [0x0000000081800000,0x00000000ad858fd0,0x00000000d5d80000)
 Metaspace       used 2743K, capacity 4564K, committed 4864K, reserved 1056768K
  class space    used 303K, capacity 388K, committed 512K, reserved 1048576K
}
Event: 51269.643 GC heap before
{Heap before GC invocations=6521 (full 6508):
 PSYoungGen      total 315392K, used 315392K [0x00000000d5d80000, 0x00000000f7380000, 0x0000000100000000)
  eden space 85504K, 100% used [0x00000000d5d80000,0x00000000db100000,0x00000000db100000)
  from space 229888K, 100% used [0x00000000e9180000,0x00000000f7200000,0x00000000f7200000)
  to   space 229888K, 0% used [0x00000000db100000,0x00000000db100000,0x00000000e9180000)
 ParOldGen       total 1381888K, used 721251K [0x0000000081800000, 0x00000000d5d80000, 0x00000000d5d80000)
  object space 1381888K, 52% used [0x0000000081800000,0x00000000ad858fd0,0x00000000d5d80000)
 Metaspace       used 2743K, capacity 4564K, committed 4864K, reserved 1056768K
  class space    used 303K, capacity 388K, committed 512K, reserved 1048576K
Event: 51270.747 GC heap after
Heap after GC invocations=6521 (full 6508):
 PSYoungGen      total 315392K, used 229888K [0x00000000d5d80000, 0x00000000f9500000, 0x0000000100000000)
  eden space 85504K, 0% used [0x00000000d5d80000,0x00000000d5d80000,0x00000000db100000)
  from space 229888K, 100% used [0x00000000db100000,0x00000000e9180000,0x00000000e9180000)
  to   space 229888K, 0% used [0x00000000eb480000,0x00000000eb480000,0x00000000f9500000)
 ParOldGen       total 1381888K, used 807171K [0x0000000081800000, 0x00000000d5d80000, 0x00000000d5d80000)
  object space 1381888K, 58% used [0x0000000081800000,0x00000000b2c40fd0,0x00000000d5d80000)
 Metaspace       used 2743K, capacity 4564K, committed 4864K, reserved 1056768K
  class space    used 303K, capacity 388K, committed 512K, reserved 1048576K
}
Event: 51270.885 GC heap before
{Heap before GC invocations=6522 (full 6508):
 PSYoungGen      total 315392K, used 315392K [0x00000000d5d80000, 0x00000000f9500000, 0x0000000100000000)
  eden space 85504K, 100% used [0x00000000d5d80000,0x00000000db100000,0x00000000db100000)
  from space 229888K, 100% used [0x00000000db100000,0x00000000e9180000,0x00000000e9180000)
  to   space 229888K, 0% used [0x00000000eb480000,0x00000000eb480000,0x00000000f9500000)
 ParOldGen       total 1381888K, used 807171K [0x0000000081800000, 0x00000000d5d80000, 0x00000000d5d80000)
  object space 1381888K, 58% used [0x0000000081800000,0x00000000b2c40fd0,0x00000000d5d80000)
 Metaspace       used 2743K, capacity 4564K, committed 4864K, reserved 1056768K
  class space    used 303K, capacity 388K, committed 512K, reserved 1048576K
Event: 51273.204 GC heap after
Heap after GC invocations=6522 (full 6508):
 PSYoungGen      total 351232K, used 191456K [0x00000000d5d80000, 0x00000000f9880000, 0x0000000100000000)
  eden space 121344K, 0% used [0x00000000d5d80000,0x00000000d5d80000,0x00000000dd400000)
  from space 229888K, 83% used [0x00000000eb480000,0x00000000f6f78000,0x00000000f9500000)
  to   space 229888K, 0% used [0x00000000dd400000,0x00000000dd400000,0x00000000eb480000)
 ParOldGen       total 1381888K, used 931579K [0x0000000081800000, 0x00000000d5d80000, 0x00000000d5d80000)
  object space 1381888K, 67% used [0x0000000081800000,0x00000000ba5befd0,0x00000000d5d80000)
 Metaspace       used 2743K, capacity 4564K, committed 4864K, reserved 1056768K
  class space    used 303K, capacity 388K, committed 512K, reserved 1048576K
}
Event: 51273.618 GC heap before
{Heap before GC invocations=6523 (full 6508):
 PSYoungGen      total 351232K, used 312800K [0x00000000d5d80000, 0x00000000f9880000, 0x0000000100000000)
  eden space 121344K, 100% used [0x00000000d5d80000,0x00000000dd400000,0x00000000dd400000)
  from space 229888K, 83% used [0x00000000eb480000,0x00000000f6f78000,0x00000000f9500000)
  to   space 229888K, 0% used [0x00000000dd400000,0x00000000dd400000,0x00000000eb480000)
 ParOldGen       total 1381888K, used 1123304K [0x0000000081800000, 0x00000000d5d80000, 0x00000000d5d80000)
  object space 1381888K, 81% used [0x0000000081800000,0x00000000c60fa260,0x00000000d5d80000)
 Metaspace       used 2743K, capacity 4564K, committed 4864K, reserved 1056768K
  class space    used 303K, capacity 388K, committed 512K, reserved 1048576K

